Compilación iniciada a las 31/12/2014 09:34:22 p.m..
     1>Proyecto "C:\Users\Lobo\Documents\Visual Studio 2013\Projects\PruebaDeck\PruebaDeck\PruebaDeck.vcxproj" en el nodo 2 (Rebuild destinos).
     1>ClCompile:
         C:\Program Files (x86)\Microsoft Visual Studio 12.0\VC\bin\CL.exe /c /ZI /nologo /W3 /WX- /sdl /Od /Oy- /D WIN32 /D _DEBUG /D _CONSOLE /D _LIB /D _UNICODE /D UNICODE /Gm /EHsc /RTC1 /MDd /GS /fp:precise /Zc:wchar_t /Zc:forScope /Fo"Debug\\" /Fd"Debug\vc120.pdb" /Gd /TC /analyze- /errorReport:prompt PruebaDeck.c
         PruebaDeck.c
     1>c:\program files (x86)\microsoft visual studio 12.0\vc\include\xtgmath.h(214): warning C4602: #pragma pop_macro : 'new' no hay ninguna #pragma push_macro anterior para este identificador
     1>c:\program files (x86)\microsoft visual studio 12.0\vc\include\xtgmath.h(215): warning C4193: #pragma warning(pop) : no hay '#pragma warning(push)' correspondiente
     1>c:\program files (x86)\microsoft visual studio 12.0\vc\include\xtgmath.h(216): warning C4161: #pragma pack(pop...) : hay más elementos pop que push
     1>c:\program files (x86)\microsoft visual studio 12.0\vc\include\cmath(23): error C2061: error de sintaxis : identificador 'abs'
     1>c:\program files (x86)\microsoft visual studio 12.0\vc\include\cmath(23): error C2059: error de sintaxis : ';'
     1>c:\program files (x86)\microsoft visual studio 12.0\vc\include\cmath(23): error C2061: error de sintaxis : identificador 'acos'
     1>c:\program files (x86)\microsoft visual studio 12.0\vc\include\cmath(23): error C2061: error de sintaxis : identificador 'asin'
     1>c:\program files (x86)\microsoft visual studio 12.0\vc\include\cmath(24): error C2061: error de sintaxis : identificador 'atan'
     1>c:\program files (x86)\microsoft visual studio 12.0\vc\include\cmath(24): error C2059: error de sintaxis : ';'
     1>c:\program files (x86)\microsoft visual studio 12.0\vc\include\cmath(24): error C2061: error de sintaxis : identificador 'atan2'
     1>c:\program files (x86)\microsoft visual studio 12.0\vc\include\cmath(24): error C2061: error de sintaxis : identificador 'ceil'
     1>c:\program files (x86)\microsoft visual studio 12.0\vc\include\cmath(25): error C2061: error de sintaxis : identificador 'cos'
     1>c:\program files (x86)\microsoft visual studio 12.0\vc\include\cmath(25): error C2059: error de sintaxis : ';'
     1>c:\program files (x86)\microsoft visual studio 12.0\vc\include\cmath(25): error C2061: error de sintaxis : identificador 'cosh'
     1>c:\program files (x86)\microsoft visual studio 12.0\vc\include\cmath(25): error C2061: error de sintaxis : identificador 'exp'
     1>c:\program files (x86)\microsoft visual studio 12.0\vc\include\cmath(26): error C2061: error de sintaxis : identificador 'fabs'
     1>c:\program files (x86)\microsoft visual studio 12.0\vc\include\cmath(26): error C2059: error de sintaxis : ';'
     1>c:\program files (x86)\microsoft visual studio 12.0\vc\include\cmath(26): error C2061: error de sintaxis : identificador 'floor'
     1>c:\program files (x86)\microsoft visual studio 12.0\vc\include\cmath(26): error C2061: error de sintaxis : identificador 'fmod'
     1>c:\program files (x86)\microsoft visual studio 12.0\vc\include\cmath(27): error C2061: error de sintaxis : identificador 'frexp'
     1>c:\program files (x86)\microsoft visual studio 12.0\vc\include\cmath(27): error C2059: error de sintaxis : ';'
     1>c:\program files (x86)\microsoft visual studio 12.0\vc\include\cmath(27): error C2061: error de sintaxis : identificador 'ldexp'
     1>c:\program files (x86)\microsoft visual studio 12.0\vc\include\cmath(27): error C2061: error de sintaxis : identificador 'log'
     1>c:\program files (x86)\microsoft visual studio 12.0\vc\include\cmath(28): error C2061: error de sintaxis : identificador 'log10'
     1>c:\program files (x86)\microsoft visual studio 12.0\vc\include\cmath(28): error C2059: error de sintaxis : ';'
     1>c:\program files (x86)\microsoft visual studio 12.0\vc\include\cmath(28): error C2061: error de sintaxis : identificador 'modf'
     1>c:\program files (x86)\microsoft visual studio 12.0\vc\include\cmath(28): error C2061: error de sintaxis : identificador 'pow'
     1>c:\program files (x86)\microsoft visual studio 12.0\vc\include\cmath(29): error C2061: error de sintaxis : identificador 'sin'
     1>c:\program files (x86)\microsoft visual studio 12.0\vc\include\cmath(29): error C2059: error de sintaxis : ';'
     1>c:\program files (x86)\microsoft visual studio 12.0\vc\include\cmath(29): error C2061: error de sintaxis : identificador 'sinh'
     1>c:\program files (x86)\microsoft visual studio 12.0\vc\include\cmath(29): error C2061: error de sintaxis : identificador 'sqrt'
     1>c:\program files (x86)\microsoft visual studio 12.0\vc\include\cmath(30): error C2061: error de sintaxis : identificador 'tan'
     1>c:\program files (x86)\microsoft visual studio 12.0\vc\include\cmath(30): error C2059: error de sintaxis : ';'
     1>c:\program files (x86)\microsoft visual studio 12.0\vc\include\cmath(30): error C2061: error de sintaxis : identificador 'tanh'
     1>c:\program files (x86)\microsoft visual studio 12.0\vc\include\cmath(32): error C2061: error de sintaxis : identificador 'acosf'
     1>c:\program files (x86)\microsoft visual studio 12.0\vc\include\cmath(32): error C2059: error de sintaxis : ';'
     1>c:\program files (x86)\microsoft visual studio 12.0\vc\include\cmath(32): error C2061: error de sintaxis : identificador 'asinf'
     1>c:\program files (x86)\microsoft visual studio 12.0\vc\include\cmath(33): error C2061: error de sintaxis : identificador 'atanf'
     1>c:\program files (x86)\microsoft visual studio 12.0\vc\include\cmath(33): error C2059: error de sintaxis : ';'
     1>c:\program files (x86)\microsoft visual studio 12.0\vc\include\cmath(33): error C2061: error de sintaxis : identificador 'atan2f'
     1>c:\program files (x86)\microsoft visual studio 12.0\vc\include\cmath(33): error C2061: error de sintaxis : identificador 'ceilf'
     1>c:\program files (x86)\microsoft visual studio 12.0\vc\include\cmath(34): error C2061: error de sintaxis : identificador 'cosf'
     1>c:\program files (x86)\microsoft visual studio 12.0\vc\include\cmath(34): error C2059: error de sintaxis : ';'
     1>c:\program files (x86)\microsoft visual studio 12.0\vc\include\cmath(34): error C2061: error de sintaxis : identificador 'coshf'
     1>c:\program files (x86)\microsoft visual studio 12.0\vc\include\cmath(34): error C2061: error de sintaxis : identificador 'expf'
     1>c:\program files (x86)\microsoft visual studio 12.0\vc\include\cmath(35): error C2061: error de sintaxis : identificador 'fabsf'
     1>c:\program files (x86)\microsoft visual studio 12.0\vc\include\cmath(35): error C2059: error de sintaxis : ';'
     1>c:\program files (x86)\microsoft visual studio 12.0\vc\include\cmath(35): error C2061: error de sintaxis : identificador 'floorf'
     1>c:\program files (x86)\microsoft visual studio 12.0\vc\include\cmath(35): error C2061: error de sintaxis : identificador 'fmodf'
     1>c:\program files (x86)\microsoft visual studio 12.0\vc\include\cmath(36): error C2061: error de sintaxis : identificador 'frexpf'
     1>c:\program files (x86)\microsoft visual studio 12.0\vc\include\cmath(36): error C2059: error de sintaxis : ';'
     1>c:\program files (x86)\microsoft visual studio 12.0\vc\include\cmath(36): error C2061: error de sintaxis : identificador 'ldexpf'
     1>c:\program files (x86)\microsoft visual studio 12.0\vc\include\cmath(36): error C2061: error de sintaxis : identificador 'logf'
     1>c:\program files (x86)\microsoft visual studio 12.0\vc\include\cmath(37): error C2061: error de sintaxis : identificador 'log10f'
     1>c:\program files (x86)\microsoft visual studio 12.0\vc\include\cmath(37): error C2059: error de sintaxis : ';'
     1>c:\program files (x86)\microsoft visual studio 12.0\vc\include\cmath(37): error C2061: error de sintaxis : identificador 'modff'
     1>c:\program files (x86)\microsoft visual studio 12.0\vc\include\cmath(37): error C2061: error de sintaxis : identificador 'powf'
     1>c:\program files (x86)\microsoft visual studio 12.0\vc\include\cmath(38): error C2061: error de sintaxis : identificador 'sinf'
     1>c:\program files (x86)\microsoft visual studio 12.0\vc\include\cmath(38): error C2059: error de sintaxis : ';'
     1>c:\program files (x86)\microsoft visual studio 12.0\vc\include\cmath(38): error C2061: error de sintaxis : identificador 'sinhf'
     1>c:\program files (x86)\microsoft visual studio 12.0\vc\include\cmath(38): error C2061: error de sintaxis : identificador 'sqrtf'
     1>c:\program files (x86)\microsoft visual studio 12.0\vc\include\cmath(39): error C2061: error de sintaxis : identificador 'tanf'
     1>c:\program files (x86)\microsoft visual studio 12.0\vc\include\cmath(39): error C2059: error de sintaxis : ';'
     1>c:\program files (x86)\microsoft visual studio 12.0\vc\include\cmath(39): error C2061: error de sintaxis : identificador 'tanhf'
     1>c:\program files (x86)\microsoft visual studio 12.0\vc\include\cmath(41): error C2061: error de sintaxis : identificador 'acosl'
     1>c:\program files (x86)\microsoft visual studio 12.0\vc\include\cmath(41): error C2059: error de sintaxis : ';'
     1>c:\program files (x86)\microsoft visual studio 12.0\vc\include\cmath(41): error C2061: error de sintaxis : identificador 'asinl'
     1>c:\program files (x86)\microsoft visual studio 12.0\vc\include\cmath(42): error C2061: error de sintaxis : identificador 'atanl'
     1>c:\program files (x86)\microsoft visual studio 12.0\vc\include\cmath(42): error C2059: error de sintaxis : ';'
     1>c:\program files (x86)\microsoft visual studio 12.0\vc\include\cmath(42): error C2061: error de sintaxis : identificador 'atan2l'
     1>c:\program files (x86)\microsoft visual studio 12.0\vc\include\cmath(42): error C2061: error de sintaxis : identificador 'ceill'
     1>c:\program files (x86)\microsoft visual studio 12.0\vc\include\cmath(43): error C2061: error de sintaxis : identificador 'cosl'
     1>c:\program files (x86)\microsoft visual studio 12.0\vc\include\cmath(43): error C2059: error de sintaxis : ';'
     1>c:\program files (x86)\microsoft visual studio 12.0\vc\include\cmath(43): error C2061: error de sintaxis : identificador 'coshl'
     1>c:\program files (x86)\microsoft visual studio 12.0\vc\include\cmath(43): error C2061: error de sintaxis : identificador 'expl'
     1>c:\program files (x86)\microsoft visual studio 12.0\vc\include\cmath(44): error C2061: error de sintaxis : identificador 'fabsl'
     1>c:\program files (x86)\microsoft visual studio 12.0\vc\include\cmath(44): error C2059: error de sintaxis : ';'
     1>c:\program files (x86)\microsoft visual studio 12.0\vc\include\cmath(44): error C2061: error de sintaxis : identificador 'floorl'
     1>c:\program files (x86)\microsoft visual studio 12.0\vc\include\cmath(44): error C2061: error de sintaxis : identificador 'fmodl'
     1>c:\program files (x86)\microsoft visual studio 12.0\vc\include\cmath(45): error C2061: error de sintaxis : identificador 'frexpl'
     1>c:\program files (x86)\microsoft visual studio 12.0\vc\include\cmath(45): error C2059: error de sintaxis : ';'
     1>c:\program files (x86)\microsoft visual studio 12.0\vc\include\cmath(45): error C2061: error de sintaxis : identificador 'ldexpl'
     1>c:\program files (x86)\microsoft visual studio 12.0\vc\include\cmath(45): error C2061: error de sintaxis : identificador 'logl'
     1>c:\program files (x86)\microsoft visual studio 12.0\vc\include\cmath(46): error C2061: error de sintaxis : identificador 'log10l'
     1>c:\program files (x86)\microsoft visual studio 12.0\vc\include\cmath(46): error C2059: error de sintaxis : ';'
     1>c:\program files (x86)\microsoft visual studio 12.0\vc\include\cmath(46): error C2061: error de sintaxis : identificador 'modfl'
     1>c:\program files (x86)\microsoft visual studio 12.0\vc\include\cmath(46): error C2061: error de sintaxis : identificador 'powl'
     1>c:\program files (x86)\microsoft visual studio 12.0\vc\include\cmath(47): error C2061: error de sintaxis : identificador 'sinl'
     1>c:\program files (x86)\microsoft visual studio 12.0\vc\include\cmath(47): error C2059: error de sintaxis : ';'
     1>c:\program files (x86)\microsoft visual studio 12.0\vc\include\cmath(47): error C2061: error de sintaxis : identificador 'sinhl'
     1>c:\program files (x86)\microsoft visual studio 12.0\vc\include\cmath(47): error C2061: error de sintaxis : identificador 'sqrtl'
     1>c:\program files (x86)\microsoft visual studio 12.0\vc\include\cmath(48): error C2061: error de sintaxis : identificador 'tanl'
     1>c:\program files (x86)\microsoft visual studio 12.0\vc\include\cmath(48): error C2059: error de sintaxis : ';'
     1>c:\program files (x86)\microsoft visual studio 12.0\vc\include\cmath(48): error C2061: error de sintaxis : identificador 'tanhl'
     1>c:\program files (x86)\microsoft visual studio 12.0\vc\include\cmath(50): error C2054: se esperaba '(' a continuación de 'using'
     1>c:\program files (x86)\microsoft visual studio 12.0\vc\include\cmath(50): error C2061: error de sintaxis : identificador 'using'
     1>c:\program files (x86)\microsoft visual studio 12.0\vc\include\cmath(52): error C2061: error de sintaxis : identificador 'acosh'
     1>c:\program files (x86)\microsoft visual studio 12.0\vc\include\cmath(52): error C2059: error de sintaxis : ';'
     1>c:\program files (x86)\microsoft visual studio 12.0\vc\include\cmath(52): error C2061: error de sintaxis : identificador 'asinh'
     1>c:\program files (x86)\microsoft visual studio 12.0\vc\include\cmath(52): error C2061: error de sintaxis : identificador 'atanh'
     1>c:\program files (x86)\microsoft visual studio 12.0\vc\include\cmath(53): error C2061: error de sintaxis : identificador 'cbrt'
     1>c:\program files (x86)\microsoft visual studio 12.0\vc\include\cmath(53): error C2059: error de sintaxis : ';'
     1>c:\program files (x86)\microsoft visual studio 12.0\vc\include\cmath(53): error C2061: error de sintaxis : identificador 'erf'
     1>c:\program files (x86)\microsoft visual studio 12.0\vc\include\cmath(53): error C2061: error de sintaxis : identificador 'erfc'
     1>c:\program files (x86)\microsoft visual studio 12.0\vc\include\cmath(53): fatal error C1003: el recuento de errores supera 100; se detiene la compilación
     1>Compilación del proyecto terminada "C:\Users\Lobo\Documents\Visual Studio 2013\Projects\PruebaDeck\PruebaDeck\PruebaDeck.vcxproj" (Rebuild destinos) -- ERROR.

ERROR al compilar.

Tiempo transcurrido 00:00:01.26
